Using pre-set license
Built from '2021.3/staging' branch; Version is '2021.3.22f1 (b6c551784ba3) revision 11978065'; Using compiler version '192829333'; Build Type 'Release'
OS: 'Windows 10  (10.0.19045) 64bit Core' Language: 'en' Physical Memory: 11704 MB
BatchMode: 1, IsHumanControllingUs: 0, StartBugReporterOnCrash: 0, Is64bit: 1, IsPro: 1

COMMAND LINE ARGUMENTS:
C:\Program Files\Unity\Hub\Editor\2021.3.22f1\Editor\Unity.exe
-adb2
-batchMode
-noUpm
-name
AssetImportWorker0
-projectPath
E:/[]GitUNity/Battle tank
-logFile
Logs/AssetImportWorker0.log
-srvPort
51524
Successfully changed project path to: E:/[]GitUNity/Battle tank
E:/[]GitUNity/Battle tank
[UnityMemory] Configuration Parameters - Can be set up in boot.config
    "memorysetup-bucket-allocator-granularity=16"
    "memorysetup-bucket-allocator-bucket-count=8"
    "memorysetup-bucket-allocator-block-size=33554432"
    "memorysetup-bucket-allocator-block-count=8"
    "memorysetup-main-allocator-block-size=16777216"
    "memorysetup-thread-allocator-block-size=16777216"
    "memorysetup-gfx-main-allocator-block-size=16777216"
    "memorysetup-gfx-thread-allocator-block-size=16777216"
    "memorysetup-cache-allocator-block-size=4194304"
    "memorysetup-typetree-allocator-block-size=2097152"
    "memorysetup-profiler-bucket-allocator-granularity=16"
    "memorysetup-profiler-bucket-allocator-bucket-count=8"
    "memorysetup-profiler-bucket-allocator-block-size=33554432"
    "memorysetup-profiler-bucket-allocator-block-count=8"
    "memorysetup-profiler-allocator-block-size=16777216"
    "memorysetup-profiler-editor-allocator-block-size=1048576"
    "memorysetup-temp-allocator-size-main=16777216"
    "memorysetup-job-temp-allocator-block-size=2097152"
    "memorysetup-job-temp-allocator-block-size-background=1048576"
    "memorysetup-job-temp-allocator-reduction-small-platforms=262144"
    "memorysetup-temp-allocator-size-background-worker=32768"
    "memorysetup-temp-allocator-size-job-worker=262144"
    "memorysetup-temp-allocator-size-preload-manager=33554432"
    "memorysetup-temp-allocator-size-nav-mesh-worker=65536"
    "memorysetup-temp-allocator-size-audio-worker=65536"
    "memorysetup-temp-allocator-size-cloud-worker=32768"
    "memorysetup-temp-allocator-size-gi-baking-worker=262144"
    "memorysetup-temp-allocator-size-gfx=262144"
Player connection [8084] Host "[IP] 192.168.29.71 [Port] 0 [Flags] 2 [Guid] 1558181084 [EditorId] 1558181084 [Version] 1048832 [Id] WindowsEditor(7,DESKTOP-B8UNUPI) [Debug] 1 [PackageName] WindowsEditor [ProjectName] Editor" joined multi-casting on [225.0.0.222:54997]...

Player connection [8084] Host "[IP] 192.168.29.71 [Port] 0 [Flags] 2 [Guid] 1558181084 [EditorId] 1558181084 [Version] 1048832 [Id] WindowsEditor(7,DESKTOP-B8UNUPI) [Debug] 1 [PackageName] WindowsEditor [ProjectName] Editor" joined alternative multi-casting on [225.0.0.222:34997]...

Refreshing native plugins compatible for Editor in 94.17 ms, found 2 plugins.
Preloading 0 native plugins for Editor in 0.00 ms.
Initialize engine version: 2021.3.22f1 (b6c551784ba3)
[Subsystems] Discovering subsystems at path C:/Program Files/Unity/Hub/Editor/2021.3.22f1/Editor/Data/Resources/UnitySubsystems
[Subsystems] Discovering subsystems at path E:/[]GitUNity/Battle tank/Assets
GfxDevice: creating device client; threaded=0; jobified=0
Direct3D:
    Version:  Direct3D 11.0 [level 11.1]
    Renderer: Intel(R) HD Graphics 520 (ID=0x1916)
    Vendor:   Intel
    VRAM:     5852 MB
    Driver:   31.0.101.2111
Initialize mono
Mono path[0] = 'C:/Program Files/Unity/Hub/Editor/2021.3.22f1/Editor/Data/Managed'
Mono path[1] = 'C:/Program Files/Unity/Hub/Editor/2021.3.22f1/Editor/Data/MonoBleedingEdge/lib/mono/unityjit-win32'
Mono config path = 'C:/Program Files/Unity/Hub/Editor/2021.3.22f1/Editor/Data/MonoBleedingEdge/etc'
Using monoOptions --debugger-agent=transport=dt_socket,embedding=1,server=y,suspend=n,address=127.0.0.1:56872
Begin MonoManager ReloadAssembly
Registering precompiled unity dll's ...
Register platform support module: C:/Program Files/Unity/Hub/Editor/2021.3.22f1/Editor/Data/PlaybackEngines/WebGLSupport/UnityEditor.WebGL.Extensions.dll
Register platform support module: C:/Program Files/Unity/Hub/Editor/2021.3.22f1/Editor/Data/PlaybackEngines/AndroidPlayer/UnityEditor.Android.Extensions.dll
Register platform support module: C:/Program Files/Unity/Hub/Editor/2021.3.22f1/Editor/Data/PlaybackEngines/WindowsStandaloneSupport/UnityEditor.WindowsStandalone.Extensions.dll
Registered in 0.013770 seconds.
Native extension for WindowsStandalone target not found
Native extension for Android target not found
Android Extension - Scanning For ADB Devices 471 ms
Native extension for WebGL target not found
Refreshing native plugins compatible for Editor in 64.53 ms, found 2 plugins.
Preloading 0 native plugins for Editor in 0.00 ms.
Mono: successfully reloaded assembly
- Completed reload, in  1.481 seconds
Domain Reload Profiling:
	ReloadAssembly (1481ms)
		BeginReloadAssembly (141ms)
			ExecutionOrderSort (0ms)
			DisableScriptedObjects (0ms)
			BackupInstance (0ms)
			ReleaseScriptingObjects (0ms)
			CreateAndSetChildDomain (2ms)
		EndReloadAssembly (1178ms)
			LoadAssemblies (138ms)
			RebuildTransferFunctionScriptingTraits (0ms)
			SetupTypeCache (194ms)
			ReleaseScriptCaches (0ms)
			RebuildScriptCaches (51ms)
			SetupLoadedEditorAssemblies (844ms)
				LogAssemblyErrors (0ms)
				InitializePlatformSupportModulesInManaged (574ms)
				SetLoadedEditorAssemblies (0ms)
				RefreshPlugins (65ms)
				BeforeProcessingInitializeOnLoad (2ms)
				ProcessInitializeOnLoadAttributes (133ms)
				ProcessInitializeOnLoadMethodAttributes (69ms)
				AfterProcessingInitializeOnLoad (0ms)
				EditorAssembliesLoaded (0ms)
			ExecutionOrderSort2 (0ms)
			AwakeInstancesAfterBackupRestoration (0ms)
Platform modules already initialized, skipping
Registering precompiled user dll's ...
Registered in 0.009783 seconds.
Begin MonoManager ReloadAssembly
Native extension for WindowsStandalone target not found
Native extension for Android target not found
Native extension for WebGL target not found
Refreshing native plugins compatible for Editor in 1.05 ms, found 2 plugins.
Preloading 0 native plugins for Editor in 0.00 ms.
Mono: successfully reloaded assembly
- Completed reload, in  2.079 seconds
Domain Reload Profiling:
	ReloadAssembly (2080ms)
		BeginReloadAssembly (194ms)
			ExecutionOrderSort (0ms)
			DisableScriptedObjects (9ms)
			BackupInstance (0ms)
			ReleaseScriptingObjects (0ms)
			CreateAndSetChildDomain (35ms)
		EndReloadAssembly (1713ms)
			LoadAssemblies (412ms)
			RebuildTransferFunctionScriptingTraits (0ms)
			SetupTypeCache (301ms)
			ReleaseScriptCaches (1ms)
			RebuildScriptCaches (75ms)
			SetupLoadedEditorAssemblies (885ms)
				LogAssemblyErrors (0ms)
				InitializePlatformSupportModulesInManaged (34ms)
				SetLoadedEditorAssemblies (1ms)
				RefreshPlugins (1ms)
				BeforeProcessingInitializeOnLoad (188ms)
				ProcessInitializeOnLoadAttributes (435ms)
				ProcessInitializeOnLoadMethodAttributes (215ms)
				AfterProcessingInitializeOnLoad (11ms)
				EditorAssembliesLoaded (0ms)
			ExecutionOrderSort2 (0ms)
			AwakeInstancesAfterBackupRestoration (10ms)
Platform modules already initialized, skipping
========================================================================
Worker process is ready to serve import requests
Launched and connected shader compiler UnityShaderCompiler.exe after 0.15 seconds
Refreshing native plugins compatible for Editor in 1.18 ms, found 2 plugins.
Preloading 0 native plugins for Editor in 0.00 ms.
Unloading 2436 Unused Serialized files (Serialized files now loaded: 0)
Unloading 106 unused Assets / (355.1 KB). Loaded Objects now: 2836.
Memory consumption went from 97.7 MB to 97.3 MB.
Total: 9.605300 ms (FindLiveObjects: 0.275500 ms CreateObjectMapping: 0.188100 ms MarkObjects: 8.946400 ms  DeleteObjects: 0.194200 ms)

AssetImportParameters requested are different than current active one (requested -> active):
  custom:video-decoder-ogg-theora: a1e56fd34408186e4bbccfd4996cb3dc -> 
  custom:container-muxer-webm: aa71ff27fc2769a1b78a27578f13a17b -> 
  custom:container-demuxer-webm: 4f35f7cbe854078d1ac9338744f61a02 -> 
  custom:video-encoder-webm-vp8: eb34c28f22e8b96e1ab97ce403110664 -> 
  custom:audio-encoder-webm-vorbis: bf7c407c2cedff20999df2af8eb42d56 -> 
  custom:framework-win-MediaFoundation: 216162199b28c13a410421893ffa2e32 -> 
  custom:container-demuxer-ogg: 62fdf1f143b41e24485cea50d1cbac27 -> 
  custom:video-decoder-webm-vp8: 9c59270c3fd7afecdb556c50c9e8de78 -> 
  custom:audio-decoder-ogg-vorbis: bf7c407c2cedff20999df2af8eb42d56 -> 
========================================================================
Received Import Request.
  Time since last request: 26066.192817 seconds.
  path: Assets/Scenes
  artifactKey: Guid(649e5c42226ee47edb6bb4edd6574de2) Importer(815301076,1909f56bfc062723c751e8b465ee728b)
Start importing Assets/Scenes using Guid(649e5c42226ee47edb6bb4edd6574de2) Importer(815301076,1909f56bfc062723c751e8b465ee728b)  -> (artifact id: '44214ff458ec79faa9405e96467ef651') in 0.019267 seconds 
========================================================================
Received Import Request.
  Time since last request: 3.233987 seconds.
  path: Assets/Scenes/Game.unity
  artifactKey: Guid(37961ba4d27bd46428d20c2ffe403dc3) Importer(815301076,1909f56bfc062723c751e8b465ee728b)
Start importing Assets/Scenes/Game.unity using Guid(37961ba4d27bd46428d20c2ffe403dc3) Importer(815301076,1909f56bfc062723c751e8b465ee728b)  -> (artifact id: '56747c0192adbb3e58e12851557a0b02') in 0.031790 seconds 
========================================================================
Received Import Request.
  Time since last request: 220.648545 seconds.
  path: Assets/Prefabs/CompleteLevelArt.prefab
  artifactKey: Guid(0aac6aef14f064c3fb626270cff2683b) Importer(815301076,1909f56bfc062723c751e8b465ee728b)
Start importing Assets/Prefabs/CompleteLevelArt.prefab using Guid(0aac6aef14f064c3fb626270cff2683b) Importer(815301076,1909f56bfc062723c751e8b465ee728b)  -> (artifact id: '9bad0737f1981409b99321f13a8ab2de') in 0.405839 seconds 
========================================================================
Received Import Request.
  Time since last request: 0.000034 seconds.
  path: Assets/Prefabs/LevelArt.prefab
  artifactKey: Guid(1cd1bdb2203012a40ab12a0d2fd7aa88) Importer(815301076,1909f56bfc062723c751e8b465ee728b)
Start importing Assets/Prefabs/LevelArt.prefab using Guid(1cd1bdb2203012a40ab12a0d2fd7aa88) Importer(815301076,1909f56bfc062723c751e8b465ee728b)  -> (artifact id: 'de08985b091dae6db2e351636a2f61ee') in 0.084627 seconds 
========================================================================
Received Import Request.
  Time since last request: 0.000049 seconds.
  path: Assets/Prefabs/PumpJack.prefab
  artifactKey: Guid(0eba80400f16aca4b9dd3354bd2ab01b) Importer(815301076,1909f56bfc062723c751e8b465ee728b)
Start importing Assets/Prefabs/PumpJack.prefab using Guid(0eba80400f16aca4b9dd3354bd2ab01b) Importer(815301076,1909f56bfc062723c751e8b465ee728b)  -> (artifact id: 'c92f56f6ae5aa1a1d36c0104921d9770') in 0.106156 seconds 
========================================================================
Received Import Request.
  Time since last request: 0.000062 seconds.
  path: Assets/Prefabs/ShellExplosion.prefab
  artifactKey: Guid(89e78efe92dfe5a42837b392cdb0bf9e) Importer(815301076,1909f56bfc062723c751e8b465ee728b)
Start importing Assets/Prefabs/ShellExplosion.prefab using Guid(89e78efe92dfe5a42837b392cdb0bf9e) Importer(815301076,1909f56bfc062723c751e8b465ee728b)  -> (artifact id: '0235695e81b828e82281df07e1d68196') in 0.531778 seconds 
========================================================================
Received Import Request.
  Time since last request: 0.000162 seconds.
  path: Assets/Prefabs/DustTrail.prefab
  artifactKey: Guid(f7167ad2844254441b40b8a300b4f1fe) Importer(815301076,1909f56bfc062723c751e8b465ee728b)
Start importing Assets/Prefabs/DustTrail.prefab using Guid(f7167ad2844254441b40b8a300b4f1fe) Importer(815301076,1909f56bfc062723c751e8b465ee728b)  -> (artifact id: '84dd73a13c6c4cdfcab0b4ca8eafc28e') in 0.071959 seconds 
========================================================================
Received Import Request.
  Time since last request: 25.043225 seconds.
  path: Assets/Scenes/Game.unity
  artifactKey: Guid(37961ba4d27bd46428d20c2ffe403dc3) Importer(815301076,1909f56bfc062723c751e8b465ee728b)
Start importing Assets/Scenes/Game.unity using Guid(37961ba4d27bd46428d20c2ffe403dc3) Importer(815301076,1909f56bfc062723c751e8b465ee728b)  -> (artifact id: 'ad03dfd0a3d5a89378a44a468e061979') in 0.013373 seconds 
========================================================================
Received Import Request.
  Time since last request: 92.869052 seconds.
  path: Assets/Prefabs/LevelArt.prefab
  artifactKey: Guid(1cd1bdb2203012a40ab12a0d2fd7aa88) Importer(815301076,1909f56bfc062723c751e8b465ee728b)
Start importing Assets/Prefabs/LevelArt.prefab using Guid(1cd1bdb2203012a40ab12a0d2fd7aa88) Importer(815301076,1909f56bfc062723c751e8b465ee728b)  -> (artifact id: '4f5622dd05f36b7a45a6507db8eee44d') in 0.101562 seconds 
========================================================================
Received Import Request.
  Time since last request: 2.064339 seconds.
  path: Assets/Prefabs/LevelArt.prefab
  artifactKey: Guid(1cd1bdb2203012a40ab12a0d2fd7aa88) Importer(815301076,1909f56bfc062723c751e8b465ee728b)
Start importing Assets/Prefabs/LevelArt.prefab using Guid(1cd1bdb2203012a40ab12a0d2fd7aa88) Importer(815301076,1909f56bfc062723c751e8b465ee728b)  -> (artifact id: 'e218732adcae71485adc8a26d6af46cf') in 0.055569 seconds 
========================================================================
Received Import Request.
  Time since last request: 1.581370 seconds.
  path: Assets/Prefabs/LevelArt.prefab
  artifactKey: Guid(1cd1bdb2203012a40ab12a0d2fd7aa88) Importer(815301076,1909f56bfc062723c751e8b465ee728b)
Start importing Assets/Prefabs/LevelArt.prefab using Guid(1cd1bdb2203012a40ab12a0d2fd7aa88) Importer(815301076,1909f56bfc062723c751e8b465ee728b)  -> (artifact id: '22ea148b7d8dd415944f7e44f6300de1') in 0.061324 seconds 
========================================================================
Received Import Request.
  Time since last request: 4.949952 seconds.
  path: Assets/Prefabs/LevelArt.prefab
  artifactKey: Guid(1cd1bdb2203012a40ab12a0d2fd7aa88) Importer(815301076,1909f56bfc062723c751e8b465ee728b)
Start importing Assets/Prefabs/LevelArt.prefab using Guid(1cd1bdb2203012a40ab12a0d2fd7aa88) Importer(815301076,1909f56bfc062723c751e8b465ee728b)  -> (artifact id: '01182b5662d920255546b2a6471e7b01') in 0.064851 seconds 
========================================================================
Received Import Request.
  Time since last request: 52.049142 seconds.
  path: Assets/Scenes/Game.unity
  artifactKey: Guid(37961ba4d27bd46428d20c2ffe403dc3) Importer(815301076,1909f56bfc062723c751e8b465ee728b)
Start importing Assets/Scenes/Game.unity using Guid(37961ba4d27bd46428d20c2ffe403dc3) Importer(815301076,1909f56bfc062723c751e8b465ee728b)  -> (artifact id: 'e79a606b320d853ece05786c34d905a3') in 0.007896 seconds 
========================================================================
Received Import Request.
  Time since last request: 260.397218 seconds.
  path: Assets/Scenes/GameSettings.lighting
  artifactKey: Guid(376d3b615ce978b4e8b020857de77146) Importer(815301076,1909f56bfc062723c751e8b465ee728b)
Start importing Assets/Scenes/GameSettings.lighting using Guid(376d3b615ce978b4e8b020857de77146) Importer(815301076,1909f56bfc062723c751e8b465ee728b) LightingSettings: switching bake backend from 1 to 0.
 -> (artifact id: 'fb69078f82ad350c2c994fa291378df7') in 0.032325 seconds 
